This file contains any messages produced by compilers while
running configure, to aid debugging if configure makes a mistake.

It was created by memcached configure 1.4.15, which was
generated by GNU Autoconf 2.69.  Invocation command line was

  $ ./configure --prefix=/usr/local/memcached1415 --with-libevent=/usr/local/libevent/ --no-create --no-recursion

## --------- ##
## Platform. ##
## --------- ##

hostname = localhost.localdomain
uname -m = x86_64
uname -r = 3.17.4-301.fc21.x86_64
uname -s = Linux
uname -v = #1 SMP Thu Nov 27 19:09:10 UTC 2014

/usr/bin/uname -p = x86_64
/bin/uname -X     = unknown

/bin/arch              = x86_64
/usr/bin/arch -k       = unknown
/usr/convex/getsysinfo = unknown
/usr/bin/hostinfo      = unknown
/bin/machine           = unknown
/usr/bin/oslevel       = unknown
/bin/universe          = unknown

PATH: /home/jie/Documents/jdk1.7.0_67/bin
PATH: /usr/lib64/qt-3.3/bin
PATH: /usr/local/bin
PATH: /usr/local/sbin
PATH: /usr/bin
PATH: /usr/sbin
PATH: /bin
PATH: /sbin
PATH: /home/jie/.local/bin
PATH: /home/jie/bin


## ----------- ##
## Core tests. ##
## ----------- ##

configure:2321: checking build system type
configure:2335: result: x86_64-unknown-linux-gnu
configure:2355: checking host system type
configure:2368: result: x86_64-unknown-linux-gnu
configure:2388: checking target system type
configure:2401: result: x86_64-unknown-linux-gnu
configure:2445: checking for a BSD-compatible install
configure:2513: result: /usr/bin/install -c
configure:2524: checking whether build environment is sane
configure:2574: result: yes
configure:2715: checking for a thread-safe mkdir -p
configure:2754: result: /usr/bin/mkdir -p
configure:2767: checking for gawk
configure:2783: found /usr/bin/gawk
configure:2794: result: gawk
configure:2805: checking whether make sets $(MAKE)
configure:2827: result: yes
configure:2958: checking for gcc
configure:2974: found /usr/bin/gcc
configure:2985: result: gcc
configure:3214: checking for C compiler version
configure:3223: gcc --version >&5
gcc (GCC) 4.9.2 20150212 (Red Hat 4.9.2-6)
Copyright (C) 2014 Free Software Foundation, Inc.
This is free software; see the source for copying conditions.  There is NO
warranty; not even for MERCHANTABILITY or FITNESS FOR A PARTICULAR PURPOSE.

configure:3234: $? = 0
configure:3223: gcc -v >&5
Using built-in specs.
COLLECT_GCC=gcc
COLLECT_LTO_WRAPPER=/usr/libexec/gcc/x86_64-redhat-linux/4.9.2/lto-wrapper
Target: x86_64-redhat-linux
Configured with: ../configure --prefix=/usr --mandir=/usr/share/man --infodir=/usr/share/info --with-bugurl=http://bugzilla.redhat.com/bugzilla --enable-bootstrap --enable-shared --enable-threads=posix --enable-checking=release --enable-multilib --with-system-zlib --enable-__cxa_atexit --disable-libunwind-exceptions --enable-gnu-unique-object --enable-linker-build-id --with-linker-hash-style=gnu --enable-languages=c,c++,objc,obj-c++,fortran,ada,go,lto --enable-plugin --enable-initfini-array --disable-libgcj --with-isl=/builddir/build/BUILD/gcc-4.9.2-20150212/obj-x86_64-redhat-linux/isl-install --with-cloog=/builddir/build/BUILD/gcc-4.9.2-20150212/obj-x86_64-redhat-linux/cloog-install --enable-gnu-indirect-function --with-tune=generic --with-arch_32=i686 --build=x86_64-redhat-linux
Thread model: posix
gcc version 4.9.2 20150212 (Red Hat 4.9.2-6) (GCC) 
configure:3234: $? = 0
configure:3223: gcc -V >&5
gcc: error: unrecognized command line option '-V'
gcc: fatal error: no input files
compilation terminated.
configure:3234: $? = 4
configure:3223: gcc -qversion >&5
gcc: error: unrecognized command line option '-qversion'
gcc: fatal error: no input files
compilation terminated.
configure:3234: $? = 4
configure:3254: checking whether the C compiler works
configure:3276: gcc    conftest.c  >&5
configure:3280: $? = 0
configure:3328: result: yes
configure:3331: checking for C compiler default output file name
configure:3333: result: a.out
configure:3339: checking for suffix of executables
configure:3346: gcc -o conftest    conftest.c  >&5
configure:3350: $? = 0
configure:3372: result: 
configure:3394: checking whether we are cross compiling
configure:3402: gcc -o conftest    conftest.c  >&5
configure:3406: $? = 0
configure:3413: ./conftest
configure:3417: $? = 0
configure:3432: result: no
configure:3437: checking for suffix of object files
configure:3459: gcc -c   conftest.c >&5
configure:3463: $? = 0
configure:3484: result: o
configure:3488: checking whether we are using the GNU C compiler
configure:3507: gcc -c   conftest.c >&5
configure:3507: $? = 0
configure:3516: result: yes
configure:3525: checking whether gcc accepts -g
configure:3545: gcc -c -g  conftest.c >&5
configure:3545: $? = 0
configure:3586: result: yes
configure:3603: checking for gcc option to accept ISO C89
configure:3666: gcc  -c -g -O2  conftest.c >&5
configure:3666: $? = 0
configure:3679: result: none needed
configure:3710: checking for style of include used by make
configure:3738: result: GNU
configure:3763: checking dependency style of gcc
configure:3873: result: gcc3
configure:3897: checking how to run the C preprocessor
configure:3928: gcc -E  conftest.c
configure:3928: $? = 0
configure:3942: gcc -E  conftest.c
conftest.c:11:28: fatal error: ac_nonexistent.h: No such file or directory
 #include <ac_nonexistent.h>
                            ^
compilation terminated.
configure:3942: $? = 1
configure: failed program was:
| /* confdefs.h */
| #define PACKAGE_NAME "memcached"
| #define PACKAGE_TARNAME "memcached"
| #define PACKAGE_VERSION "1.4.15"
| #define PACKAGE_STRING "memcached 1.4.15"
| #define PACKAGE_BUGREPORT "memcached@googlegroups.com"
| #define PACKAGE_URL ""
| #define PACKAGE "memcached"
| #define VERSION "1.4.15"
| /* end confdefs.h.  */
| #include <ac_nonexistent.h>
configure:3967: result: gcc -E
configure:3987: gcc -E  conftest.c
configure:3987: $? = 0
configure:4001: gcc -E  conftest.c
conftest.c:11:28: fatal error: ac_nonexistent.h: No such file or directory
 #include <ac_nonexistent.h>
                            ^
compilation terminated.
configure:4001: $? = 1
configure: failed program was:
| /* confdefs.h */
| #define PACKAGE_NAME "memcached"
| #define PACKAGE_TARNAME "memcached"
| #define PACKAGE_VERSION "1.4.15"
| #define PACKAGE_STRING "memcached 1.4.15"
| #define PACKAGE_BUGREPORT "memcached@googlegroups.com"
| #define PACKAGE_URL ""
| #define PACKAGE "memcached"
| #define VERSION "1.4.15"
| /* end confdefs.h.  */
| #include <ac_nonexistent.h>
configure:4030: checking for grep that handles long lines and -e
configure:4088: result: /usr/bin/grep
configure:4093: checking for egrep
configure:4155: result: /usr/bin/grep -E
configure:4162: checking for icc in use
configure:4171: result: no
configure:4191: checking for ANSI C header files
configure:4211: gcc -c -g -O2  conftest.c >&5
configure:4211: $? = 0
configure:4284: gcc -o conftest -g -O2   conftest.c  >&5
configure:4284: $? = 0
configure:4284: ./conftest
configure:4284: $? = 0
configure:4295: result: yes
configure:4308: checking for sys/types.h
configure:4308: gcc -c -g -O2  conftest.c >&5
configure:4308: $? = 0
configure:4308: result: yes
configure:4308: checking for sys/stat.h
configure:4308: gcc -c -g -O2  conftest.c >&5
configure:4308: $? = 0
configure:4308: result: yes
configure:4308: checking for stdlib.h
configure:4308: gcc -c -g -O2  conftest.c >&5
configure:4308: $? = 0
configure:4308: result: yes
configure:4308: checking for string.h
configure:4308: gcc -c -g -O2  conftest.c >&5
configure:4308: $? = 0
configure:4308: result: yes
configure:4308: checking for memory.h
configure:4308: gcc -c -g -O2  conftest.c >&5
configure:4308: $? = 0
configure:4308: result: yes
configure:4308: checking for strings.h
configure:4308: gcc -c -g -O2  conftest.c >&5
configure:4308: $? = 0
configure:4308: result: yes
configure:4308: checking for inttypes.h
configure:4308: gcc -c -g -O2  conftest.c >&5
configure:4308: $? = 0
configure:4308: result: yes
configure:4308: checking for stdint.h
configure:4308: gcc -c -g -O2  conftest.c >&5
configure:4308: $? = 0
configure:4308: result: yes
configure:4308: checking for unistd.h
configure:4308: gcc -c -g -O2  conftest.c >&5
configure:4308: $? = 0
configure:4308: result: yes
configure:4321: checking whether __SUNPRO_C is declared
configure:4321: gcc -c -g -O2  conftest.c >&5
conftest.c: In function 'main':
conftest.c:61:10: error: '__SUNPRO_C' undeclared (first use in this function)
   (void) __SUNPRO_C;
          ^
conftest.c:61:10: note: each undeclared identifier is reported only once for each function it appears in
configure:4321: $? = 1
configure: failed program was:
| /* confdefs.h */
| #define PACKAGE_NAME "memcached"
| #define PACKAGE_TARNAME "memcached"
| #define PACKAGE_VERSION "1.4.15"
| #define PACKAGE_STRING "memcached 1.4.15"
| #define PACKAGE_BUGREPORT "memcached@googlegroups.com"
| #define PACKAGE_URL ""
| #define PACKAGE "memcached"
| #define VERSION "1.4.15"
| #define STDC_HEADERS 1
| #define HAVE_SYS_TYPES_H 1
| #define HAVE_SYS_STAT_H 1
| #define HAVE_STDLIB_H 1
| #define HAVE_STRING_H 1
| #define HAVE_MEMORY_H 1
| #define HAVE_STRINGS_H 1
| #define HAVE_INTTYPES_H 1
| #define HAVE_STDINT_H 1
| #define HAVE_UNISTD_H 1
| /* end confdefs.h.  */
| #include <stdio.h>
| #ifdef HAVE_SYS_TYPES_H
| # include <sys/types.h>
| #endif
| #ifdef HAVE_SYS_STAT_H
| # include <sys/stat.h>
| #endif
| #ifdef STDC_HEADERS
| # include <stdlib.h>
| # include <stddef.h>
| #else
| # ifdef HAVE_STDLIB_H
| #  include <stdlib.h>
| # endif
| #endif
| #ifdef HAVE_STRING_H
| # if !defined STDC_HEADERS && defined HAVE_MEMORY_H
| #  include <memory.h>
| # endif
| # include <string.h>
| #endif
| #ifdef HAVE_STRINGS_H
| # include <strings.h>
| #endif
| #ifdef HAVE_INTTYPES_H
| # include <inttypes.h>
| #endif
| #ifdef HAVE_STDINT_H
| # include <stdint.h>
| #endif
| #ifdef HAVE_UNISTD_H
| # include <unistd.h>
| #endif
| int
| main ()
| {
| #ifndef __SUNPRO_C
| #ifdef __cplusplus
|   (void) __SUNPRO_C;
| #else
|   (void) __SUNPRO_C;
| #endif
| #endif
| 
|   ;
|   return 0;
| }
configure:4321: result: no
configure:4338: checking for gcc option to accept ISO C99
configure:4487: gcc  -c -g -O2 -pthread  conftest.c >&5
conftest.c:71:29: error: expected ';', ',' or ')' before 'text'
 test_restrict (ccp restrict text)
                             ^
conftest.c: In function 'main':
conftest.c:125:18: error: expected '=', ',', ';', 'asm' or '__attribute__' before 'newvar'
   char *restrict newvar = "Another string";
                  ^
conftest.c:125:18: error: 'newvar' undeclared (first use in this function)
conftest.c:125:18: note: each undeclared identifier is reported only once for each function it appears in
conftest.c:135:3: error: 'for' loop initial declarations are only allowed in C99 or C11 mode
   for (int i = 0; i < ia->datasize; ++i)
   ^
conftest.c:135:3: note: use option -std=c99, -std=gnu99, -std=c11 or -std=gnu11 to compile your code
configure:4487: $? = 1
configure: failed program was:
| /* confdefs.h */
| #define PACKAGE_NAME "memcached"
| #define PACKAGE_TARNAME "memcached"
| #define PACKAGE_VERSION "1.4.15"
| #define PACKAGE_STRING "memcached 1.4.15"
| #define PACKAGE_BUGREPORT "memcached@googlegroups.com"
| #define PACKAGE_URL ""
| #define PACKAGE "memcached"
| #define VERSION "1.4.15"
| #define STDC_HEADERS 1
| #define HAVE_SYS_TYPES_H 1
| #define HAVE_SYS_STAT_H 1
| #define HAVE_STDLIB_H 1
| #define HAVE_STRING_H 1
| #define HAVE_MEMORY_H 1
| #define HAVE_STRINGS_H 1
| #define HAVE_INTTYPES_H 1
| #define HAVE_STDINT_H 1
| #define HAVE_UNISTD_H 1
| /* end confdefs.h.  */
| #include <stdarg.h>
| #include <stdbool.h>
| #include <stdlib.h>
| #include <wchar.h>
| #include <stdio.h>
| 
| // Check varargs macros.  These examples are taken from C99 6.10.3.5.
| #define debug(...) fprintf (stderr, __VA_ARGS__)
| #define showlist(...) puts (#__VA_ARGS__)
| #define report(test,...) ((test) ? puts (#test) : printf (__VA_ARGS__))
| static void
| test_varargs_macros (void)
| {
|   int x = 1234;
|   int y = 5678;
|   debug ("Flag");
|   debug ("X = %d\n", x);
|   showlist (The first, second, and third items.);
|   report (x>y, "x is %d but y is %d", x, y);
| }
| 
| // Check long long types.
| #define BIG64 18446744073709551615ull
| #define BIG32 4294967295ul
| #define BIG_OK (BIG64 / BIG32 == 4294967297ull && BIG64 % BIG32 == 0)
| #if !BIG_OK
|   your preprocessor is broken;
| #endif
| #if BIG_OK
| #else
|   your preprocessor is broken;
| #endif
| static long long int bignum = -9223372036854775807LL;
| static unsigned long long int ubignum = BIG64;
| 
| struct incomplete_array
| {
|   int datasize;
|   double data[];
| };
| 
| struct named_init {
|   int number;
|   const wchar_t *name;
|   double average;
| };
| 
| typedef const char *ccp;
| 
| static inline int
| test_restrict (ccp restrict text)
| {
|   // See if C++-style comments work.
|   // Iterate through items via the restricted pointer.
|   // Also check for declarations in for loops.
|   for (unsigned int i = 0; *(text+i) != '\0'; ++i)
|     continue;
|   return 0;
| }
| 
| // Check varargs and va_copy.
| static void
| test_varargs (const char *format, ...)
| {
|   va_list args;
|   va_start (args, format);
|   va_list args_copy;
|   va_copy (args_copy, args);
| 
|   const char *str;
|   int number;
|   float fnumber;
| 
|   while (*format)
|     {
|       switch (*format++)
| 	{
| 	case 's': // string
| 	  str = va_arg (args_copy, const char *);
| 	  break;
| 	case 'd': // int
| 	  number = va_arg (args_copy, int);
| 	  break;
| 	case 'f': // float
| 	  fnumber = va_arg (args_copy, double);
| 	  break;
| 	default:
| 	  break;
| 	}
|     }
|   va_end (args_copy);
|   va_end (args);
| }
| 
| int
| main ()
| {
| 
|   // Check bool.
|   _Bool success = false;
| 
|   // Check restrict.
|   if (test_restrict ("String literal") == 0)
|     success = true;
|   char *restrict newvar = "Another string";
| 
|   // Check varargs.
|   test_varargs ("s, d' f .", "string", 65, 34.234);
|   test_varargs_macros ();
| 
|   // Check flexible array members.
|   struct incomplete_array *ia =
|     malloc (sizeof (struct incomplete_array) + (sizeof (double) * 10));
|   ia->datasize = 10;
|   for (int i = 0; i < ia->datasize; ++i)
|     ia->data[i] = i * 1.234;
| 
|   // Check named initializers.
|   struct named_init ni = {
|     .number = 34,
|     .name = L"Test wide string",
|     .average = 543.34343,
|   };
| 
|   ni.number = 58;
| 
|   int dynamic_array[ni.number];
|   dynamic_array[ni.number - 1] = 543;
| 
|   // work around unused variable warnings
|   return (!success || bignum == 0LL || ubignum == 0uLL || newvar[0] == 'x'
| 	  || dynamic_array[ni.number - 1] != 543);
| 
|   ;
|   return 0;
| }
configure:4487: gcc -std=gnu99 -c -g -O2 -pthread  conftest.c >&5
configure:4487: $? = 0
configure:4507: result: -std=gnu99
configure:4517: checking whether gcc -std=gnu99 and cc understand -c and -o together
configure:4548: gcc -std=gnu99 -c conftest.c -o conftest2.o >&5
configure:4552: $? = 0
configure:4558: gcc -std=gnu99 -c conftest.c -o conftest2.o >&5
configure:4562: $? = 0
configure:4573: cc -c conftest.c >&5
configure:4577: $? = 0
configure:4585: cc -c conftest.c -o conftest2.o >&5
configure:4589: $? = 0
configure:4595: cc -c conftest.c -o conftest2.o >&5
configure:4599: $? = 0
configure:4617: result: yes
configure:4665: checking sasl/sasl.h usability
configure:4665: gcc -std=gnu99 -c -g -O2 -pthread  conftest.c >&5
conftest.c:54:23: fatal error: sasl/sasl.h: No such file or directory
 #include <sasl/sasl.h>
                       ^
compilation terminated.
configure:4665: $? = 1
configure: failed program was:
| /* confdefs.h */
| #define PACKAGE_NAME "memcached"
| #define PACKAGE_TARNAME "memcached"
| #define PACKAGE_VERSION "1.4.15"
| #define PACKAGE_STRING "memcached 1.4.15"
| #define PACKAGE_BUGREPORT "memcached@googlegroups.com"
| #define PACKAGE_URL ""
| #define PACKAGE "memcached"
| #define VERSION "1.4.15"
| #define STDC_HEADERS 1
| #define HAVE_SYS_TYPES_H 1
| #define HAVE_SYS_STAT_H 1
| #define HAVE_STDLIB_H 1
| #define HAVE_STRING_H 1
| #define HAVE_MEMORY_H 1
| #define HAVE_STRINGS_H 1
| #define HAVE_INTTYPES_H 1
| #define HAVE_STDINT_H 1
| #define HAVE_UNISTD_H 1
| /* end confdefs.h.  */
| #include <stdio.h>
| #ifdef HAVE_SYS_TYPES_H
| # include <sys/types.h>
| #endif
| #ifdef HAVE_SYS_STAT_H
| # include <sys/stat.h>
| #endif
| #ifdef STDC_HEADERS
| # include <stdlib.h>
| # include <stddef.h>
| #else
| # ifdef HAVE_STDLIB_H
| #  include <stdlib.h>
| # endif
| #endif
| #ifdef HAVE_STRING_H
| # if !defined STDC_HEADERS && defined HAVE_MEMORY_H
| #  include <memory.h>
| # endif
| # include <string.h>
| #endif
| #ifdef HAVE_STRINGS_H
| # include <strings.h>
| #endif
| #ifdef HAVE_INTTYPES_H
| # include <inttypes.h>
| #endif
| #ifdef HAVE_STDINT_H
| # include <stdint.h>
| #endif
| #ifdef HAVE_UNISTD_H
| # include <unistd.h>
| #endif
| #include <sasl/sasl.h>
configure:4665: result: no
configure:4665: checking sasl/sasl.h presence
configure:4665: gcc -E  conftest.c
conftest.c:21:23: fatal error: sasl/sasl.h: No such file or directory
 #include <sasl/sasl.h>
                       ^
compilation terminated.
configure:4665: $? = 1
configure: failed program was:
| /* confdefs.h */
| #define PACKAGE_NAME "memcached"
| #define PACKAGE_TARNAME "memcached"
| #define PACKAGE_VERSION "1.4.15"
| #define PACKAGE_STRING "memcached 1.4.15"
| #define PACKAGE_BUGREPORT "memcached@googlegroups.com"
| #define PACKAGE_URL ""
| #define PACKAGE "memcached"
| #define VERSION "1.4.15"
| #define STDC_HEADERS 1
| #define HAVE_SYS_TYPES_H 1
| #define HAVE_SYS_STAT_H 1
| #define HAVE_STDLIB_H 1
| #define HAVE_STRING_H 1
| #define HAVE_MEMORY_H 1
| #define HAVE_STRINGS_H 1
| #define HAVE_INTTYPES_H 1
| #define HAVE_STDINT_H 1
| #define HAVE_UNISTD_H 1
| /* end confdefs.h.  */
| #include <sasl/sasl.h>
configure:4665: result: no
configure:4665: checking for sasl/sasl.h
configure:4665: result: no
configure:4895: checking for gcov
configure:4913: found /usr/bin/gcov
configure:4926: result: /usr/bin/gcov
configure:4936: checking for main in -lgcov
configure:4955: gcc -std=gnu99 -o conftest -g -O2 -pthread -pthread   conftest.c -lgcov   >&5
configure:4955: $? = 0
configure:4964: result: yes
configure:5075: checking for library containing clock_gettime
configure:5106: gcc -std=gnu99 -o conftest -g -O2 -pthread -pthread   conftest.c  >&5
configure:5106: $? = 0
configure:5123: result: none required
configure:5133: checking for library containing socket
configure:5164: gcc -std=gnu99 -o conftest -g -O2 -pthread -pthread   conftest.c  >&5
configure:5164: $? = 0
configure:5181: result: none required
configure:5189: checking for library containing gethostbyname
configure:5220: gcc -std=gnu99 -o conftest -g -O2 -pthread -pthread   conftest.c  >&5
configure:5220: $? = 0
configure:5237: result: none required
configure:5262: checking for libevent directory
configure:5306: gcc -std=gnu99 -o conftest -g -O2 -pthread -pthread -I/usr/local/libevent//include  -L/usr/local/libevent//lib  conftest.c -levent  >&5
configure:5306: $? = 0
configure:5342: result: /usr/local/libevent/
configure:5361: checking for library containing umem_cache_create
configure:5392: gcc -std=gnu99 -o conftest -g -O2 -pthread -pthread -I/usr/local/libevent//include  -L/usr/local/libevent//lib  -Wl,-rpath,/usr/local/libevent//lib conftest.c -levent  >&5
/tmp/ccloh9AD.o: In function `main':
/home/jie/Documents/Github/zewen/Ex/memcached1415/conftest.c:32: undefined reference to `umem_cache_create'
collect2: error: ld returned 1 exit status
configure:5392: $? = 1
configure: failed program was:
| /* confdefs.h */
| #define PACKAGE_NAME "memcached"
| #define PACKAGE_TARNAME "memcached"
| #define PACKAGE_VERSION "1.4.15"
| #define PACKAGE_STRING "memcached 1.4.15"
| #define PACKAGE_BUGREPORT "memcached@googlegroups.com"
| #define PACKAGE_URL ""
| #define PACKAGE "memcached"
| #define VERSION "1.4.15"
| #define STDC_HEADERS 1
| #define HAVE_SYS_TYPES_H 1
| #define HAVE_SYS_STAT_H 1
| #define HAVE_STDLIB_H 1
| #define HAVE_STRING_H 1
| #define HAVE_MEMORY_H 1
| #define HAVE_STRINGS_H 1
| #define HAVE_INTTYPES_H 1
| #define HAVE_STDINT_H 1
| #define HAVE_UNISTD_H 1
| /* end confdefs.h.  */
| 
| /* Override any GCC internal prototype to avoid an error.
|    Use char because int might match the return type of a GCC
|    builtin and then its argument prototype would still apply.  */
| #ifdef __cplusplus
| extern "C"
| #endif
| char umem_cache_create ();
| int
| main ()
| {
| return umem_cache_create ();
|   ;
|   return 0;
| }
configure:5392: gcc -std=gnu99 -o conftest -g -O2 -pthread -pthread -I/usr/local/libevent//include  -L/usr/local/libevent//lib  -Wl,-rpath,/usr/local/libevent//lib conftest.c -lumem  -levent  >&5
/usr/bin/ld: cannot find -lumem
collect2: error: ld returned 1 exit status
configure:5392: $? = 1
configure: failed program was:
| /* confdefs.h */
| #define PACKAGE_NAME "memcached"
| #define PACKAGE_TARNAME "memcached"
| #define PACKAGE_VERSION "1.4.15"
| #define PACKAGE_STRING "memcached 1.4.15"
| #define PACKAGE_BUGREPORT "memcached@googlegroups.com"
| #define PACKAGE_URL ""
| #define PACKAGE "memcached"
| #define VERSION "1.4.15"
| #define STDC_HEADERS 1
| #define HAVE_SYS_TYPES_H 1
| #define HAVE_SYS_STAT_H 1
| #define HAVE_STDLIB_H 1
| #define HAVE_STRING_H 1
| #define HAVE_MEMORY_H 1
| #define HAVE_STRINGS_H 1
| #define HAVE_INTTYPES_H 1
| #define HAVE_STDINT_H 1
| #define HAVE_UNISTD_H 1
| /* end confdefs.h.  */
| 
| /* Override any GCC internal prototype to avoid an error.
|    Use char because int might match the return type of a GCC
|    builtin and then its argument prototype would still apply.  */
| #ifdef __cplusplus
| extern "C"
| #endif
| char umem_cache_create ();
| int
| main ()
| {
| return umem_cache_create ();
|   ;
|   return 0;
| }
configure:5409: result: no
configure:5417: checking for library containing gethugepagesizes
configure:5448: gcc -std=gnu99 -o conftest -g -O2 -pthread -pthread -I/usr/local/libevent//include  -L/usr/local/libevent//lib  -Wl,-rpath,/usr/local/libevent//lib conftest.c -levent  >&5
/tmp/ccNikCJH.o: In function `main':
/home/jie/Documents/Github/zewen/Ex/memcached1415/conftest.c:32: undefined reference to `gethugepagesizes'
collect2: error: ld returned 1 exit status
configure:5448: $? = 1
configure: failed program was:
| /* confdefs.h */
| #define PACKAGE_NAME "memcached"
| #define PACKAGE_TARNAME "memcached"
| #define PACKAGE_VERSION "1.4.15"
| #define PACKAGE_STRING "memcached 1.4.15"
| #define PACKAGE_BUGREPORT "memcached@googlegroups.com"
| #define PACKAGE_URL ""
| #define PACKAGE "memcached"
| #define VERSION "1.4.15"
| #define STDC_HEADERS 1
| #define HAVE_SYS_TYPES_H 1
| #define HAVE_SYS_STAT_H 1
| #define HAVE_STDLIB_H 1
| #define HAVE_STRING_H 1
| #define HAVE_MEMORY_H 1
| #define HAVE_STRINGS_H 1
| #define HAVE_INTTYPES_H 1
| #define HAVE_STDINT_H 1
| #define HAVE_UNISTD_H 1
| /* end confdefs.h.  */
| 
| /* Override any GCC internal prototype to avoid an error.
|    Use char because int might match the return type of a GCC
|    builtin and then its argument prototype would still apply.  */
| #ifdef __cplusplus
| extern "C"
| #endif
| char gethugepagesizes ();
| int
| main ()
| {
| return gethugepagesizes ();
|   ;
|   return 0;
| }
configure:5448: gcc -std=gnu99 -o conftest -g -O2 -pthread -pthread -I/usr/local/libevent//include  -L/usr/local/libevent//lib  -Wl,-rpath,/usr/local/libevent//lib conftest.c -lhugetlbfs  -levent  >&5
/usr/bin/ld: cannot find -lhugetlbfs
collect2: error: ld returned 1 exit status
configure:5448: $? = 1
configure: failed program was:
| /* confdefs.h */
| #define PACKAGE_NAME "memcached"
| #define PACKAGE_TARNAME "memcached"
| #define PACKAGE_VERSION "1.4.15"
| #define PACKAGE_STRING "memcached 1.4.15"
| #define PACKAGE_BUGREPORT "memcached@googlegroups.com"
| #define PACKAGE_URL ""
| #define PACKAGE "memcached"
| #define VERSION "1.4.15"
| #define STDC_HEADERS 1
| #define HAVE_SYS_TYPES_H 1
| #define HAVE_SYS_STAT_H 1
| #define HAVE_STDLIB_H 1
| #define HAVE_STRING_H 1
| #define HAVE_MEMORY_H 1
| #define HAVE_STRINGS_H 1
| #define HAVE_INTTYPES_H 1
| #define HAVE_STDINT_H 1
| #define HAVE_UNISTD_H 1
| /* end confdefs.h.  */
| 
| /* Override any GCC internal prototype to avoid an error.
|    Use char because int might match the return type of a GCC
|    builtin and then its argument prototype would still apply.  */
| #ifdef __cplusplus
| extern "C"
| #endif
| char gethugepagesizes ();
| int
| main ()
| {
| return gethugepagesizes ();
|   ;
|   return 0;
| }
configure:5465: result: no
configure:5474: checking for stdbool.h that conforms to C99
configure:5541: gcc -std=gnu99 -c -g -O2 -pthread -pthread -I/usr/local/libevent//include  conftest.c >&5
configure:5541: $? = 0
configure:5548: result: yes
configure:5550: checking for _Bool
configure:5550: gcc -std=gnu99 -c -g -O2 -pthread -pthread -I/usr/local/libevent//include  conftest.c >&5
configure:5550: $? = 0
configure:5550: gcc -std=gnu99 -c -g -O2 -pthread -pthread -I/usr/local/libevent//include  conftest.c >&5
conftest.c: In function 'main':
conftest.c:57:20: error: expected expression before ')' token
 if (sizeof ((_Bool)))
                    ^
configure:5550: $? = 1
configure: failed program was:
| /* confdefs.h */
| #define PACKAGE_NAME "memcached"
| #define PACKAGE_TARNAME "memcached"
| #define PACKAGE_VERSION "1.4.15"
| #define PACKAGE_STRING "memcached 1.4.15"
| #define PACKAGE_BUGREPORT "memcached@googlegroups.com"
| #define PACKAGE_URL ""
| #define PACKAGE "memcached"
| #define VERSION "1.4.15"
| #define STDC_HEADERS 1
| #define HAVE_SYS_TYPES_H 1
| #define HAVE_SYS_STAT_H 1
| #define HAVE_STDLIB_H 1
| #define HAVE_STRING_H 1
| #define HAVE_MEMORY_H 1
| #define HAVE_STRINGS_H 1
| #define HAVE_INTTYPES_H 1
| #define HAVE_STDINT_H 1
| #define HAVE_UNISTD_H 1
| /* end confdefs.h.  */
| #include <stdio.h>
| #ifdef HAVE_SYS_TYPES_H
| # include <sys/types.h>
| #endif
| #ifdef HAVE_SYS_STAT_H
| # include <sys/stat.h>
| #endif
| #ifdef STDC_HEADERS
| # include <stdlib.h>
| # include <stddef.h>
| #else
| # ifdef HAVE_STDLIB_H
| #  include <stdlib.h>
| # endif
| #endif
| #ifdef HAVE_STRING_H
| # if !defined STDC_HEADERS && defined HAVE_MEMORY_H
| #  include <memory.h>
| # endif
| # include <string.h>
| #endif
| #ifdef HAVE_STRINGS_H
| # include <strings.h>
| #endif
| #ifdef HAVE_INTTYPES_H
| # include <inttypes.h>
| #endif
| #ifdef HAVE_STDINT_H
| # include <stdint.h>
| #endif
| #ifdef HAVE_UNISTD_H
| # include <unistd.h>
| #endif
| int
| main ()
| {
| if (sizeof ((_Bool)))
| 	    return 0;
|   ;
|   return 0;
| }
configure:5550: result: yes
configure:5571: checking for inttypes.h
configure:5571: result: yes
configure:5586: checking for sasl_callback_ft
configure:5610: gcc -std=gnu99 -c -g -O2 -pthread -pthread -I/usr/local/libevent//include  conftest.c >&5
conftest.c: In function 'main':
conftest.c:34:5: error: unknown type name 'sasl_callback_ft'
     sasl_callback_ft a_callback;
     ^
configure:5610: $? = 1
configure: failed program was:
| /* confdefs.h */
| #define PACKAGE_NAME "memcached"
| #define PACKAGE_TARNAME "memcached"
| #define PACKAGE_VERSION "1.4.15"
| #define PACKAGE_STRING "memcached 1.4.15"
| #define PACKAGE_BUGREPORT "memcached@googlegroups.com"
| #define PACKAGE_URL ""
| #define PACKAGE "memcached"
| #define VERSION "1.4.15"
| #define STDC_HEADERS 1
| #define HAVE_SYS_TYPES_H 1
| #define HAVE_SYS_STAT_H 1
| #define HAVE_STDLIB_H 1
| #define HAVE_STRING_H 1
| #define HAVE_MEMORY_H 1
| #define HAVE_STRINGS_H 1
| #define HAVE_INTTYPES_H 1
| #define HAVE_STDINT_H 1
| #define HAVE_UNISTD_H 1
| #define HAVE__BOOL 1
| #define HAVE_STDBOOL_H 1
| #define HAVE_INTTYPES_H 1
| /* end confdefs.h.  */
| 
|     #ifdef HAVE_SASL_SASL_H
|     #include <sasl/sasl.h>
|     #include <sasl/saslplug.h>
|     #endif
| 
| int
| main ()
| {
| 
|     sasl_callback_ft a_callback;
| 
|   ;
|   return 0;
| }
configure:5622: result: no
configure:5634: checking for print macros for integers (C99 section 7.8.1)
configure:5658: gcc -std=gnu99 -c -g -O2 -pthread -pthread -I/usr/local/libevent//include  conftest.c >&5
configure:5658: $? = 0
configure:5666: result: yes
configure:5682: checking for an ANSI C-conforming const
configure:5748: gcc -std=gnu99 -c -g -O2 -pthread -pthread -I/usr/local/libevent//include  conftest.c >&5
configure:5748: $? = 0
configure:5755: result: yes
configure:5766: checking for socklen_t
configure:5788: gcc -std=gnu99 -c -g -O2 -pthread -pthread -I/usr/local/libevent//include  conftest.c >&5
configure:5788: $? = 0
configure:5800: result: yes
configure:5811: checking for endianness
configure:5838: gcc -std=gnu99 -o conftest -g -O2 -pthread -pthread -I/usr/local/libevent//include  -L/usr/local/libevent//lib  -Wl,-rpath,/usr/local/libevent//lib conftest.c -levent  >&5
conftest.c: In function 'main':
conftest.c:30:9: warning: implicit declaration of function 'exit' [-Wimplicit-function-declaration]
         exit(*c == 1);
         ^
conftest.c:30:9: warning: incompatible implicit declaration of built-in function 'exit'
configure:5838: $? = 0
configure:5838: ./conftest
configure:5838: $? = 1
configure: program exited with status 1
configure: failed program was:
| /* confdefs.h */
| #define PACKAGE_NAME "memcached"
| #define PACKAGE_TARNAME "memcached"
| #define PACKAGE_VERSION "1.4.15"
| #define PACKAGE_STRING "memcached 1.4.15"
| #define PACKAGE_BUGREPORT "memcached@googlegroups.com"
| #define PACKAGE_URL ""
| #define PACKAGE "memcached"
| #define VERSION "1.4.15"
| #define STDC_HEADERS 1
| #define HAVE_SYS_TYPES_H 1
| #define HAVE_SYS_STAT_H 1
| #define HAVE_STDLIB_H 1
| #define HAVE_STRING_H 1
| #define HAVE_MEMORY_H 1
| #define HAVE_STRINGS_H 1
| #define HAVE_INTTYPES_H 1
| #define HAVE_STDINT_H 1
| #define HAVE_UNISTD_H 1
| #define HAVE__BOOL 1
| #define HAVE_STDBOOL_H 1
| #define HAVE_INTTYPES_H 1
| /* end confdefs.h.  */
| 
| int
| main ()
| {
|         long val = 1;
|         char *c = (char *) &val;
|         exit(*c == 1);
| 
|   ;
|   return 0;
| }
| 
configure:5853: result: little
configure:5870: checking for htonll
configure:5892: gcc -std=gnu99 -o conftest -g -O2 -pthread -pthread -I/usr/local/libevent//include  -L/usr/local/libevent//lib  -Wl,-rpath,/usr/local/libevent//lib conftest.c -levent  >&5
conftest.c:29:23: warning: extra tokens at end of #include directive
 #include <inttypes.h> */
                       ^
conftest.c: In function 'main':
conftest.c:36:11: warning: implicit declaration of function 'htonll' [-Wimplicit-function-declaration]
           return htonll(0);
           ^
/tmp/ccUruiy1.o: In function `main':
/home/jie/Documents/Github/zewen/Ex/memcached1415/conftest.c:36: undefined reference to `htonll'
collect2: error: ld returned 1 exit status
configure:5892: $? = 1
configure: failed program was:
| /* confdefs.h */
| #define PACKAGE_NAME "memcached"
| #define PACKAGE_TARNAME "memcached"
| #define PACKAGE_VERSION "1.4.15"
| #define PACKAGE_STRING "memcached 1.4.15"
| #define PACKAGE_BUGREPORT "memcached@googlegroups.com"
| #define PACKAGE_URL ""
| #define PACKAGE "memcached"
| #define VERSION "1.4.15"
| #define STDC_HEADERS 1
| #define HAVE_SYS_TYPES_H 1
| #define HAVE_SYS_STAT_H 1
| #define HAVE_STDLIB_H 1
| #define HAVE_STRING_H 1
| #define HAVE_MEMORY_H 1
| #define HAVE_STRINGS_H 1
| #define HAVE_INTTYPES_H 1
| #define HAVE_STDINT_H 1
| #define HAVE_UNISTD_H 1
| #define HAVE__BOOL 1
| #define HAVE_STDBOOL_H 1
| #define HAVE_INTTYPES_H 1
| #define ENDIAN_LITTLE 1
| /* end confdefs.h.  */
| 
| #include <sys/types.h>
| #include <netinet/in.h>
| #ifdef HAVE_INTTYPES_H
| #include <inttypes.h> */
| #endif
| 
| int
| main ()
| {
| 
|           return htonll(0);
| 
|   ;
|   return 0;
| }
configure:5907: result: no
configure:5911: checking for library containing pthread_create
configure:5942: gcc -std=gnu99 -o conftest -g -O2 -pthread -pthread -I/usr/local/libevent//include  -L/usr/local/libevent//lib  -Wl,-rpath,/usr/local/libevent//lib conftest.c -levent  >&5
configure:5942: $? = 0
configure:5959: result: none required
configure:5973: checking for mlockall
configure:5973: gcc -std=gnu99 -o conftest -g -O2 -pthread -pthread -I/usr/local/libevent//include  -L/usr/local/libevent//lib  -Wl,-rpath,/usr/local/libevent//lib conftest.c -levent  >&5
configure:5973: $? = 0
configure:5973: result: yes
configure:5984: checking for getpagesizes
configure:5984: gcc -std=gnu99 -o conftest -g -O2 -pthread -pthread -I/usr/local/libevent//include  -L/usr/local/libevent//lib  -Wl,-rpath,/usr/local/libevent//lib conftest.c -levent  >&5
/tmp/ccvVymuj.o: In function `main':
/home/jie/Documents/Github/zewen/Ex/memcached1415/conftest.c:60: undefined reference to `getpagesizes'
collect2: error: ld returned 1 exit status
configure:5984: $? = 1
configure: failed program was:
| /* confdefs.h */
| #define PACKAGE_NAME "memcached"
| #define PACKAGE_TARNAME "memcached"
| #define PACKAGE_VERSION "1.4.15"
| #define PACKAGE_STRING "memcached 1.4.15"
| #define PACKAGE_BUGREPORT "memcached@googlegroups.com"
| #define PACKAGE_URL ""
| #define PACKAGE "memcached"
| #define VERSION "1.4.15"
| #define STDC_HEADERS 1
| #define HAVE_SYS_TYPES_H 1
| #define HAVE_SYS_STAT_H 1
| #define HAVE_STDLIB_H 1
| #define HAVE_STRING_H 1
| #define HAVE_MEMORY_H 1
| #define HAVE_STRINGS_H 1
| #define HAVE_INTTYPES_H 1
| #define HAVE_STDINT_H 1
| #define HAVE_UNISTD_H 1
| #define HAVE__BOOL 1
| #define HAVE_STDBOOL_H 1
| #define HAVE_INTTYPES_H 1
| #define ENDIAN_LITTLE 1
| #define HAVE_MLOCKALL 1
| /* end confdefs.h.  */
| /* Define getpagesizes to an innocuous variant, in case <limits.h> declares getpagesizes.
|    For example, HP-UX 11i <limits.h> declares gettimeofday.  */
| #define getpagesizes innocuous_getpagesizes
| 
| /* System header to define __stub macros and hopefully few prototypes,
|     which can conflict with char getpagesizes (); below.
|     Prefer <limits.h> to <assert.h> if __STDC__ is defined, since
|     <limits.h> exists even on freestanding compilers.  */
| 
| #ifdef __STDC__
| # include <limits.h>
| #else
| # include <assert.h>
| #endif
| 
| #undef getpagesizes
| 
| /* Override any GCC internal prototype to avoid an error.
|    Use char because int might match the return type of a GCC
|    builtin and then its argument prototype would still apply.  */
| #ifdef __cplusplus
| extern "C"
| #endif
| char getpagesizes ();
| /* The GNU C library defines this for functions which it implements
|     to always fail with ENOSYS.  Some functions are actually named
|     something starting with __ and the normal name is an alias.  */
| #if defined __stub_getpagesizes || defined __stub___getpagesizes
| choke me
| #endif
| 
| int
| main ()
| {
| return getpagesizes ();
|   ;
|   return 0;
| }
configure:5984: result: no
configure:5995: checking for memcntl
configure:5995: gcc -std=gnu99 -o conftest -g -O2 -pthread -pthread -I/usr/local/libevent//include  -L/usr/local/libevent//lib  -Wl,-rpath,/usr/local/libevent//lib conftest.c -levent  >&5
/tmp/ccqs4Ulo.o: In function `main':
/home/jie/Documents/Github/zewen/Ex/memcached1415/conftest.c:60: undefined reference to `memcntl'
collect2: error: ld returned 1 exit status
configure:5995: $? = 1
configure: failed program was:
| /* confdefs.h */
| #define PACKAGE_NAME "memcached"
| #define PACKAGE_TARNAME "memcached"
| #define PACKAGE_VERSION "1.4.15"
| #define PACKAGE_STRING "memcached 1.4.15"
| #define PACKAGE_BUGREPORT "memcached@googlegroups.com"
| #define PACKAGE_URL ""
| #define PACKAGE "memcached"
| #define VERSION "1.4.15"
| #define STDC_HEADERS 1
| #define HAVE_SYS_TYPES_H 1
| #define HAVE_SYS_STAT_H 1
| #define HAVE_STDLIB_H 1
| #define HAVE_STRING_H 1
| #define HAVE_MEMORY_H 1
| #define HAVE_STRINGS_H 1
| #define HAVE_INTTYPES_H 1
| #define HAVE_STDINT_H 1
| #define HAVE_UNISTD_H 1
| #define HAVE__BOOL 1
| #define HAVE_STDBOOL_H 1
| #define HAVE_INTTYPES_H 1
| #define ENDIAN_LITTLE 1
| #define HAVE_MLOCKALL 1
| /* end confdefs.h.  */
| /* Define memcntl to an innocuous variant, in case <limits.h> declares memcntl.
|    For example, HP-UX 11i <limits.h> declares gettimeofday.  */
| #define memcntl innocuous_memcntl
| 
| /* System header to define __stub macros and hopefully few prototypes,
|     which can conflict with char memcntl (); below.
|     Prefer <limits.h> to <assert.h> if __STDC__ is defined, since
|     <limits.h> exists even on freestanding compilers.  */
| 
| #ifdef __STDC__
| # include <limits.h>
| #else
| # include <assert.h>
| #endif
| 
| #undef memcntl
| 
| /* Override any GCC internal prototype to avoid an error.
|    Use char because int might match the return type of a GCC
|    builtin and then its argument prototype would still apply.  */
| #ifdef __cplusplus
| extern "C"
| #endif
| char memcntl ();
| /* The GNU C library defines this for functions which it implements
|     to always fail with ENOSYS.  Some functions are actually named
|     something starting with __ and the normal name is an alias.  */
| #if defined __stub_memcntl || defined __stub___memcntl
| choke me
| #endif
| 
| int
| main ()
| {
| return memcntl ();
|   ;
|   return 0;
| }
configure:5995: result: no
configure:6006: checking for sigignore
configure:6006: gcc -std=gnu99 -o conftest -g -O2 -pthread -pthread -I/usr/local/libevent//include  -L/usr/local/libevent//lib  -Wl,-rpath,/usr/local/libevent//lib conftest.c -levent  >&5
configure:6006: $? = 0
configure:6006: result: yes
configure:6017: checking for clock_gettime
configure:6017: gcc -std=gnu99 -o conftest -g -O2 -pthread -pthread -I/usr/local/libevent//include  -L/usr/local/libevent//lib  -Wl,-rpath,/usr/local/libevent//lib conftest.c -levent  >&5
configure:6017: $? = 0
configure:6017: result: yes
configure:6029: checking for alignment
configure:6066: gcc -std=gnu99 -o conftest -g -O2 -pthread -pthread -I/usr/local/libevent//include  -L/usr/local/libevent//lib  -Wl,-rpath,/usr/local/libevent//lib conftest.c -levent  >&5
conftest.c: In function 'main':
conftest.c:45:25: warning: comparison between pointer and integer
        return (84148994 == i) ? 0 : 1;
                         ^
configure:6066: $? = 0
configure:6066: ./conftest
configure:6066: $? = 1
configure: program exited with status 1
configure: failed program was:
| /* confdefs.h */
| #define PACKAGE_NAME "memcached"
| #define PACKAGE_TARNAME "memcached"
| #define PACKAGE_VERSION "1.4.15"
| #define PACKAGE_STRING "memcached 1.4.15"
| #define PACKAGE_BUGREPORT "memcached@googlegroups.com"
| #define PACKAGE_URL ""
| #define PACKAGE "memcached"
| #define VERSION "1.4.15"
| #define STDC_HEADERS 1
| #define HAVE_SYS_TYPES_H 1
| #define HAVE_SYS_STAT_H 1
| #define HAVE_STDLIB_H 1
| #define HAVE_STRING_H 1
| #define HAVE_MEMORY_H 1
| #define HAVE_STRINGS_H 1
| #define HAVE_INTTYPES_H 1
| #define HAVE_STDINT_H 1
| #define HAVE_UNISTD_H 1
| #define HAVE__BOOL 1
| #define HAVE_STDBOOL_H 1
| #define HAVE_INTTYPES_H 1
| #define ENDIAN_LITTLE 1
| #define HAVE_MLOCKALL 1
| #define HAVE_SIGIGNORE 1
| #define HAVE_CLOCK_GETTIME 1
| /* end confdefs.h.  */
| 
| #include <stdlib.h>
| #include <inttypes.h>
| 
| int
| main ()
| {
| 
|        char *buf = malloc(32);
| 
|        uint64_t *ptr = (uint64_t*)(buf+2);
|        // catch sigbus, etc.
|        *ptr = 0x1;
| 
|        // catch unaligned word access (ARM cpus)
|        *buf =  1; *(buf +1) = 2; *(buf + 2) = 2; *(buf + 3) = 3; *(buf + 4) = 4;
|        int* i = (int*)(buf+1);
|        return (84148994 == i) ? 0 : 1;
| 
|   ;
|   return 0;
| }
| 
configure:6081: result: need
configure:6091: checking for GCC atomics
configure:6109: gcc -std=gnu99 -o conftest -g -O2 -pthread -pthread -I/usr/local/libevent//include  -L/usr/local/libevent//lib  -Wl,-rpath,/usr/local/libevent//lib conftest.c -levent  >&5
configure:6109: $? = 0
configure:6117: result: yes
configure:6122: checking for setppriv
configure:6122: gcc -std=gnu99 -o conftest -g -O2 -pthread -pthread -I/usr/local/libevent//include  -L/usr/local/libevent//lib  -Wl,-rpath,/usr/local/libevent//lib conftest.c -levent  >&5
/tmp/ccf93z3M.o: In function `main':
/home/jie/Documents/Github/zewen/Ex/memcached1415/conftest.c:64: undefined reference to `setppriv'
collect2: error: ld returned 1 exit status
configure:6122: $? = 1
configure: failed program was:
| /* confdefs.h */
| #define PACKAGE_NAME "memcached"
| #define PACKAGE_TARNAME "memcached"
| #define PACKAGE_VERSION "1.4.15"
| #define PACKAGE_STRING "memcached 1.4.15"
| #define PACKAGE_BUGREPORT "memcached@googlegroups.com"
| #define PACKAGE_URL ""
| #define PACKAGE "memcached"
| #define VERSION "1.4.15"
| #define STDC_HEADERS 1
| #define HAVE_SYS_TYPES_H 1
| #define HAVE_SYS_STAT_H 1
| #define HAVE_STDLIB_H 1
| #define HAVE_STRING_H 1
| #define HAVE_MEMORY_H 1
| #define HAVE_STRINGS_H 1
| #define HAVE_INTTYPES_H 1
| #define HAVE_STDINT_H 1
| #define HAVE_UNISTD_H 1
| #define HAVE__BOOL 1
| #define HAVE_STDBOOL_H 1
| #define HAVE_INTTYPES_H 1
| #define ENDIAN_LITTLE 1
| #define HAVE_MLOCKALL 1
| #define HAVE_SIGIGNORE 1
| #define HAVE_CLOCK_GETTIME 1
| #define NEED_ALIGN 1
| #define HAVE_GCC_ATOMICS 1
| /* end confdefs.h.  */
| /* Define setppriv to an innocuous variant, in case <limits.h> declares setppriv.
|    For example, HP-UX 11i <limits.h> declares gettimeofday.  */
| #define setppriv innocuous_setppriv
| 
| /* System header to define __stub macros and hopefully few prototypes,
|     which can conflict with char setppriv (); below.
|     Prefer <limits.h> to <assert.h> if __STDC__ is defined, since
|     <limits.h> exists even on freestanding compilers.  */
| 
| #ifdef __STDC__
| # include <limits.h>
| #else
| # include <assert.h>
| #endif
| 
| #undef setppriv
| 
| /* Override any GCC internal prototype to avoid an error.
|    Use char because int might match the return type of a GCC
|    builtin and then its argument prototype would still apply.  */
| #ifdef __cplusplus
| extern "C"
| #endif
| char setppriv ();
| /* The GNU C library defines this for functions which it implements
|     to always fail with ENOSYS.  Some functions are actually named
|     something starting with __ and the normal name is an alias.  */
| #if defined __stub_setppriv || defined __stub___setppriv
| choke me
| #endif
| 
| int
| main ()
| {
| return setppriv ();
|   ;
|   return 0;
| }
configure:6122: result: no
configure:6153: checking umem.h usability
configure:6153: gcc -std=gnu99 -c -g -O2 -pthread -pthread -I/usr/local/libevent//include  conftest.c >&5
conftest.c:63:18: fatal error: umem.h: No such file or directory
 #include <umem.h>
                  ^
compilation terminated.
configure:6153: $? = 1
configure: failed program was:
| /* confdefs.h */
| #define PACKAGE_NAME "memcached"
| #define PACKAGE_TARNAME "memcached"
| #define PACKAGE_VERSION "1.4.15"
| #define PACKAGE_STRING "memcached 1.4.15"
| #define PACKAGE_BUGREPORT "memcached@googlegroups.com"
| #define PACKAGE_URL ""
| #define PACKAGE "memcached"
| #define VERSION "1.4.15"
| #define STDC_HEADERS 1
| #define HAVE_SYS_TYPES_H 1
| #define HAVE_SYS_STAT_H 1
| #define HAVE_STDLIB_H 1
| #define HAVE_STRING_H 1
| #define HAVE_MEMORY_H 1
| #define HAVE_STRINGS_H 1
| #define HAVE_INTTYPES_H 1
| #define HAVE_STDINT_H 1
| #define HAVE_UNISTD_H 1
| #define HAVE__BOOL 1
| #define HAVE_STDBOOL_H 1
| #define HAVE_INTTYPES_H 1
| #define ENDIAN_LITTLE 1
| #define HAVE_MLOCKALL 1
| #define HAVE_SIGIGNORE 1
| #define HAVE_CLOCK_GETTIME 1
| #define NEED_ALIGN 1
| #define HAVE_GCC_ATOMICS 1
| /* end confdefs.h.  */
| #include <stdio.h>
| #ifdef HAVE_SYS_TYPES_H
| # include <sys/types.h>
| #endif
| #ifdef HAVE_SYS_STAT_H
| # include <sys/stat.h>
| #endif
| #ifdef STDC_HEADERS
| # include <stdlib.h>
| # include <stddef.h>
| #else
| # ifdef HAVE_STDLIB_H
| #  include <stdlib.h>
| # endif
| #endif
| #ifdef HAVE_STRING_H
| # if !defined STDC_HEADERS && defined HAVE_MEMORY_H
| #  include <memory.h>
| # endif
| # include <string.h>
| #endif
| #ifdef HAVE_STRINGS_H
| # include <strings.h>
| #endif
| #ifdef HAVE_INTTYPES_H
| # include <inttypes.h>
| #endif
| #ifdef HAVE_STDINT_H
| # include <stdint.h>
| #endif
| #ifdef HAVE_UNISTD_H
| # include <unistd.h>
| #endif
| #include <umem.h>
configure:6153: result: no
configure:6153: checking umem.h presence
configure:6153: gcc -E -I/usr/local/libevent//include  conftest.c
conftest.c:30:18: fatal error: umem.h: No such file or directory
 #include <umem.h>
                  ^
compilation terminated.
configure:6153: $? = 1
configure: failed program was:
| /* confdefs.h */
| #define PACKAGE_NAME "memcached"
| #define PACKAGE_TARNAME "memcached"
| #define PACKAGE_VERSION "1.4.15"
| #define PACKAGE_STRING "memcached 1.4.15"
| #define PACKAGE_BUGREPORT "memcached@googlegroups.com"
| #define PACKAGE_URL ""
| #define PACKAGE "memcached"
| #define VERSION "1.4.15"
| #define STDC_HEADERS 1
| #define HAVE_SYS_TYPES_H 1
| #define HAVE_SYS_STAT_H 1
| #define HAVE_STDLIB_H 1
| #define HAVE_STRING_H 1
| #define HAVE_MEMORY_H 1
| #define HAVE_STRINGS_H 1
| #define HAVE_INTTYPES_H 1
| #define HAVE_STDINT_H 1
| #define HAVE_UNISTD_H 1
| #define HAVE__BOOL 1
| #define HAVE_STDBOOL_H 1
| #define HAVE_INTTYPES_H 1
| #define ENDIAN_LITTLE 1
| #define HAVE_MLOCKALL 1
| #define HAVE_SIGIGNORE 1
| #define HAVE_CLOCK_GETTIME 1
| #define NEED_ALIGN 1
| #define HAVE_GCC_ATOMICS 1
| /* end confdefs.h.  */
| #include <umem.h>
configure:6153: result: no
configure:6153: checking for umem.h
configure:6153: result: no
configure:6184: checking for xml2rfc
configure:6215: result: no
configure:6225: checking for xsltproc
configure:6243: found /usr/bin/xsltproc
configure:6256: result: /usr/bin/xsltproc
configure:6454: creating ./config.status

## ---------------- ##
## Cache variables. ##
## ---------------- ##

ac_cv_build=x86_64-unknown-linux-gnu
ac_cv_c_alignment=need
ac_cv_c_compiler_gnu=yes
ac_cv_c_const=yes
ac_cv_c_endian=little
ac_cv_c_socklen_t=yes
ac_cv_c_uint64_support=yes
ac_cv_env_CC_set=
ac_cv_env_CC_value=
ac_cv_env_CFLAGS_set=
ac_cv_env_CFLAGS_value=
ac_cv_env_CPPFLAGS_set=
ac_cv_env_CPPFLAGS_value=
ac_cv_env_CPP_set=
ac_cv_env_CPP_value=
ac_cv_env_LDFLAGS_set=
ac_cv_env_LDFLAGS_value=
ac_cv_env_LIBS_set=
ac_cv_env_LIBS_value=
ac_cv_env_build_alias_set=
ac_cv_env_build_alias_value=
ac_cv_env_host_alias_set=
ac_cv_env_host_alias_value=
ac_cv_env_target_alias_set=
ac_cv_env_target_alias_value=
ac_cv_func_clock_gettime=yes
ac_cv_func_getpagesizes=no
ac_cv_func_memcntl=no
ac_cv_func_mlockall=yes
ac_cv_func_setppriv=no
ac_cv_func_sigignore=yes
ac_cv_has_sasl_callback_ft=no
ac_cv_have_decl___SUNPRO_C=no
ac_cv_header_inttypes_h=yes
ac_cv_header_memory_h=yes
ac_cv_header_sasl_sasl_h=no
ac_cv_header_stdbool_h=yes
ac_cv_header_stdc=yes
ac_cv_header_stdint_h=yes
ac_cv_header_stdlib_h=yes
ac_cv_header_string_h=yes
ac_cv_header_strings_h=yes
ac_cv_header_sys_stat_h=yes
ac_cv_header_sys_types_h=yes
ac_cv_header_umem_h=no
ac_cv_header_unistd_h=yes
ac_cv_host=x86_64-unknown-linux-gnu
ac_cv_lib_gcov_main=yes
ac_cv_libevent_dir=/usr/local/libevent/
ac_cv_objext=o
ac_cv_path_EGREP='/usr/bin/grep -E'
ac_cv_path_GREP=/usr/bin/grep
ac_cv_path_PROFILER=/usr/bin/gcov
ac_cv_path_XML2RFC=no
ac_cv_path_XSLTPROC=/usr/bin/xsltproc
ac_cv_path_install='/usr/bin/install -c'
ac_cv_path_mkdir=/usr/bin/mkdir
ac_cv_prog_AWK=gawk
ac_cv_prog_CPP='gcc -E'
ac_cv_prog_ac_ct_CC=gcc
ac_cv_prog_cc_c89=
ac_cv_prog_cc_c99=-std=gnu99
ac_cv_prog_cc_g=yes
ac_cv_prog_cc_gcc_c_o=yes
ac_cv_prog_make_make_set=yes
ac_cv_search_clock_gettime='none required'
ac_cv_search_gethostbyname='none required'
ac_cv_search_gethugepagesizes=no
ac_cv_search_pthread_create='none required'
ac_cv_search_socket='none required'
ac_cv_search_umem_cache_create=no
ac_cv_target=x86_64-unknown-linux-gnu
ac_cv_type__Bool=yes
am_cv_CC_dependencies_compiler_type=gcc3

## ----------------- ##
## Output variables. ##
## ----------------- ##

ACLOCAL='${SHELL} /home/jie/Documents/Github/zewen/Ex/memcached1415/missing --run aclocal-1.11'
AMDEPBACKSLASH='\'
AMDEP_FALSE='#'
AMDEP_TRUE=''
AMTAR='${SHELL} /home/jie/Documents/Github/zewen/Ex/memcached1415/missing --run tar'
AUTOCONF='${SHELL} /home/jie/Documents/Github/zewen/Ex/memcached1415/missing --run autoconf'
AUTOHEADER='${SHELL} /home/jie/Documents/Github/zewen/Ex/memcached1415/missing --run autoheader'
AUTOMAKE='${SHELL} /home/jie/Documents/Github/zewen/Ex/memcached1415/missing --run automake-1.11'
AWK='gawk'
BUILD_CACHE_FALSE='#'
BUILD_CACHE_TRUE=''
BUILD_DTRACE_FALSE=''
BUILD_DTRACE_TRUE='#'
BUILD_SOLARIS_PRIVS_FALSE=''
BUILD_SOLARIS_PRIVS_TRUE='#'
BUILD_SPECIFICATIONS_FALSE=''
BUILD_SPECIFICATIONS_TRUE='#'
CC='gcc -std=gnu99'
CCDEPMODE='depmode=gcc3'
CFLAGS='-g -O2 -pthread -pthread -Wall -Werror -pedantic -Wmissing-prototypes -Wmissing-declarations -Wredundant-decls'
CPP='gcc -E'
CPPFLAGS='-I/usr/local/libevent//include '
CYGPATH_W='echo'
DEFS='-DHAVE_CONFIG_H'
DEPDIR='.deps'
DTRACE=''
DTRACEFLAGS=''
DTRACE_INSTRUMENT_OBJ_FALSE=''
DTRACE_INSTRUMENT_OBJ_TRUE='#'
ECHO_C=''
ECHO_N='-n'
ECHO_T=''
EGREP='/usr/bin/grep -E'
ENABLE_SASL=''
ENABLE_SASL_FALSE=''
ENABLE_SASL_TRUE='#'
EXEEXT=''
GREP='/usr/bin/grep'
INSTALL_DATA='${INSTALL} -m 644'
INSTALL_PROGRAM='${INSTALL}'
INSTALL_SCRIPT='${INSTALL}'
INSTALL_STRIP_PROGRAM='$(install_sh) -c -s'
LDFLAGS='-L/usr/local/libevent//lib  -Wl,-rpath,/usr/local/libevent//lib'
LIBOBJS=''
LIBS='-levent '
LTLIBOBJS=''
MAKEINFO='${SHELL} /home/jie/Documents/Github/zewen/Ex/memcached1415/missing --run makeinfo'
MKDIR_P='/usr/bin/mkdir -p'
OBJEXT='o'
PACKAGE='memcached'
PACKAGE_BUGREPORT='memcached@googlegroups.com'
PACKAGE_NAME='memcached'
PACKAGE_STRING='memcached 1.4.15'
PACKAGE_TARNAME='memcached'
PACKAGE_URL=''
PACKAGE_VERSION='1.4.15'
PATH_SEPARATOR=':'
PROFILER='/usr/bin/gcov'
PROFILER_FLAGS='-fprofile-arcs -ftest-coverage'
PROFILER_LDFLAGS='-lgcov'
SET_MAKE=''
SHELL='/bin/sh'
STRIP=''
VERSION='1.4.15'
XML2RFC='no'
XSLTPROC='/usr/bin/xsltproc'
ac_ct_CC='gcc'
am__EXEEXT_FALSE=''
am__EXEEXT_TRUE='#'
am__fastdepCC_FALSE='#'
am__fastdepCC_TRUE=''
am__include='include'
am__isrc=''
am__leading_dot='.'
am__quote=''
am__tar='${AMTAR} chof - "$$tardir"'
am__untar='${AMTAR} xf -'
bindir='${exec_prefix}/bin'
build='x86_64-unknown-linux-gnu'
build_alias=''
build_cpu='x86_64'
build_os='linux-gnu'
build_vendor='unknown'
datadir='${datarootdir}'
datarootdir='${prefix}/share'
docdir='${datarootdir}/doc/${PACKAGE_TARNAME}'
dvidir='${docdir}'
exec_prefix='${prefix}'
host='x86_64-unknown-linux-gnu'
host_alias=''
host_cpu='x86_64'
host_os='linux-gnu'
host_vendor='unknown'
htmldir='${docdir}'
includedir='${prefix}/include'
infodir='${datarootdir}/info'
install_sh='${SHELL} /home/jie/Documents/Github/zewen/Ex/memcached1415/install-sh'
libdir='${exec_prefix}/lib'
libexecdir='${exec_prefix}/libexec'
localedir='${datarootdir}/locale'
localstatedir='${prefix}/var'
mandir='${datarootdir}/man'
mkdir_p='/usr/bin/mkdir -p'
oldincludedir='/usr/include'
pdfdir='${docdir}'
prefix='/usr/local/memcached1415'
program_transform_name='s,x,x,'
psdir='${docdir}'
sbindir='${exec_prefix}/sbin'
sharedstatedir='${prefix}/com'
sysconfdir='${prefix}/etc'
target='x86_64-unknown-linux-gnu'
target_alias=''
target_cpu='x86_64'
target_os='linux-gnu'
target_vendor='unknown'

## ----------- ##
## confdefs.h. ##
## ----------- ##

/* confdefs.h */
#define PACKAGE_NAME "memcached"
#define PACKAGE_TARNAME "memcached"
#define PACKAGE_VERSION "1.4.15"
#define PACKAGE_STRING "memcached 1.4.15"
#define PACKAGE_BUGREPORT "memcached@googlegroups.com"
#define PACKAGE_URL ""
#define PACKAGE "memcached"
#define VERSION "1.4.15"
#define STDC_HEADERS 1
#define HAVE_SYS_TYPES_H 1
#define HAVE_SYS_STAT_H 1
#define HAVE_STDLIB_H 1
#define HAVE_STRING_H 1
#define HAVE_MEMORY_H 1
#define HAVE_STRINGS_H 1
#define HAVE_INTTYPES_H 1
#define HAVE_STDINT_H 1
#define HAVE_UNISTD_H 1
#define HAVE__BOOL 1
#define HAVE_STDBOOL_H 1
#define HAVE_INTTYPES_H 1
#define ENDIAN_LITTLE 1
#define HAVE_MLOCKALL 1
#define HAVE_SIGIGNORE 1
#define HAVE_CLOCK_GETTIME 1
#define NEED_ALIGN 1
#define HAVE_GCC_ATOMICS 1
#define _GNU_SOURCE 1

configure: exit 0

## ---------------------- ##
## Running config.status. ##
## ---------------------- ##

This file was extended by memcached config.status 1.4.15, which was
generated by GNU Autoconf 2.69.  Invocation command line was

  CONFIG_FILES    = 
  CONFIG_HEADERS  = 
  CONFIG_LINKS    = 
  CONFIG_COMMANDS = 
  $ ./config.status 

on localhost.localdomain

config.status:890: creating Makefile
config.status:890: creating doc/Makefile
config.status:890: creating config.h
config.status:1071: config.h is unchanged
config.status:1119: executing depfiles commands

## ---------------------- ##
## Running config.status. ##
## ---------------------- ##

This file was extended by memcached config.status 1.4.15, which was
generated by GNU Autoconf 2.69.  Invocation command line was

  CONFIG_FILES    = 
  CONFIG_HEADERS  = 
  CONFIG_LINKS    = 
  CONFIG_COMMANDS = 
  $ ./config.status config.h

on localhost.localdomain

config.status:890: creating config.h
config.status:1071: config.h is unchanged
